android/app/build/outputs/logs/manifest-merger-release-report.txt
-- Merging decision tree log ---
manifest
ADDED from src/main/AndroidManifest.xml:12:1-166:12
INJECTED from src/main/AndroidManifest.xml:12:1-166:12
INJECTED from src/main/AndroidManifest.xml:12:1-166:12
INJECTED from src/main/AndroidManifest.xml:12:1-166:12
MERGED from [:react-native-async-storage_async-storage] AndroidManifest.xml:2:1-7:12
MERGED from [:react-native-community_datetimepicker] AndroidManifest.xml:2:1-9:12
MERGED from [:react-native-firebase_messaging] AndroidManifest.xml:2:1-43:12
MERGED from [:react-native-firebase_app] AndroidManifest.xml:2:1-30:12
MERGED from [:react-native-picker_picker] AndroidManifest.xml:2:1-7:12
MERGED from [:expo] AndroidManifest.xml:2:1-7:12
MERGED from [:react-native-callkeep] AndroidManifest.xml:2:1-14:12
MERGED from [:react-native-gesture-handler] AndroidManifest.xml:2:1-7:12
MERGED from [:react-native-image-picker] AndroidManifest.xml:2:1-19:12
MERGED from [:react-native-keep-awake] AndroidManifest.xml:2:1-7:12
MERGED from [:react-native-linear-gradient] AndroidManifest.xml:2:1-7:12
MERGED from [:react-native-permissions] AndroidManifest.xml:2:1-7:12
MERGED from [:react-native-reanimated] AndroidManifest.xml:2:1-7:12
MERGED from [:react-native-safe-area-context] AndroidManifest.xml:2:1-7:12
MERGED from [:react-native-screens] AndroidManifest.xml:2:1-7:12
MERGED from [:react-native-sound] AndroidManifest.xml:2:1-8:12
MERGED from [:react-native-svg] AndroidManifest.xml:2:1-7:12
MERGED from [:react-native-vector-icons] AndroidManifest.xml:2:1-7:12
MERGED from [:react-native-webrtc] AndroidManifest.xml:2:1-20:12
MERGED from [:react-native-webview] AndroidManifest.xml:2:1-31:12
MERGED from [com.google.android.material:material:1.11.0] AndroidManifest.xml:17:1-24:12
MERGED from [:expo-application] AndroidManifest.xml:2:1-7:12
MERGED from [:expo-camera] AndroidManifest.xml:2:1-9:12
MERGED from [:expo-constants] AndroidManifest.xml:2:1-7:12
MERGED from [:expo-file-system] AndroidManifest.xml:2:1-33:12
MERGED from [:expo-font] AndroidManifest.xml:2:1-7:12
MERGED from [:expo-image-loader] AndroidManifest.xml:2:1-7:12
MERGED from [:expo-image-manipulator] AndroidManifest.xml:2:1-7:12
MERGED from [:expo-image-picker] AndroidManifest.xml:2:1-59:12
MERGED from [:expo-keep-awake] AndroidManifest.xml:2:1-7:12
MERGED from [:expo-modules-core] AndroidManifest.xml:2:1-18:12
MERGED from [com.facebook.react:react-android:0.73.6] AndroidManifest.xml:2:1-12:12
MERGED from [androidx.appcompat:appcompat-resources:1.6.1] AndroidManifest.xml:17:1-22:12
MERGED from [androidx.constraintlayout:constraintlayout:2.0.1] AndroidManifest.xml:2:1-11:12
MERGED from [com.google.android:cameraview:1.0.0] AndroidManifest.xml:14:1-34:12
MERGED from [com.github.CanHub:Android-Image-Cropper:4.3.1] AndroidManifest.xml:2:1-38:12
MERGED from [androidx.appcompat:appcompat:1.6.1] AndroidManifest.xml:17:1-22:12
MERGED from [androidx.legacy:legacy-support-v4:1.0.0] AndroidManifest.xml:17:1-22:12
MERGED from [androidx.legacy:legacy-support-core-ui:1.0.0] AndroidManifest.xml:17:1-22:12
MERGED from [androidx.coordinatorlayout:coordinatorlayout:1.2.0] AndroidManifest.xml:17:1-24:12
MERGED from [androidx.swiperefreshlayout:swiperefreshlayout:1.1.0] AndroidManifest.xml:17:1-24:12
MERGED from [androidx.webkit:webkit:1.14.0] AndroidManifest.xml:2:1-7:12
MERGED from [androidx.emoji2:emoji2-views-helper:1.2.0] AndroidManifest.xml:2:1-7:12
MERGED from [androidx.emoji2:emoji2:1.2.0] AndroidManifest.xml:17:1-35:12
MERGED from [com.google.android.gms:play-services-auth:21.2.0] AndroidManifest.xml:17:1-40:12
MERGED from [androidx.viewpager2:viewpager2:1.0.0] AndroidManifest.xml:17:1-24:12
MERGED from [com.google.firebase:firebase-messaging:24.0.0] AndroidManifest.xml:17:1-66:12
MERGED from [com.google.android.gms:play-services-auth-api-phone:18.0.2] AndroidManifest.xml:2:1-7:12
MERGED from [com.google.android.gms:play-services-auth-base:18.0.10] AndroidManifest.xml:2:1-7:12
MERGED from [com.google.android.gms:play-services-fido:20.0.1] AndroidManifest.xml:2:1-10:12
MERGED from [com.google.android.gms:play-services-base:18.3.0] AndroidManifest.xml:16:1-24:12
MERGED from [androidx.fragment:fragment-ktx:1.5.7] AndroidManifest.xml:17:1-24:12
MERGED from [com.github.bumptech.glide:glide:4.13.2] AndroidManifest.xml:2:1-12:12
MERGED from [com.google.firebase:firebase-analytics:22.0.2] AndroidManifest.xml:2:1-9:12
MERGED from [com.google.android.gms:play-services-measurement-api:22.0.2] AndroidManifest.xml:17:1-43:12
MERGED from [com.google.firebase:firebase-installations:18.0.0] AndroidManifest.xml:2:1-24:12
MERGED from [com.google.firebase:firebase-common-ktx:21.0.0] AndroidManifest.xml:2:1-18:12
MERGED from [com.google.firebase:firebase-common:21.0.0] AndroidManifest.xml:15:1-41:12
MERGED from [com.google.android.gms:play-services-measurement:22.0.2] AndroidManifest.xml:17:1-46:12
MERGED from [com.google.android.gms:play-services-measurement-sdk:22.0.2] AndroidManifest.xml:17:1-25:12
MERGED from [com.google.firebase:firebase-iid-interop:17.1.0] AndroidManifest.xml:2:1-10:12
MERGED from [com.google.firebase:firebase-measurement-connector:19.0.0] AndroidManifest.xml:17:1-25:12
MERGED from [com.google.android.gms:play-services-cloud-messaging:17.2.0] AndroidManifest.xml:2:1-13:12
MERGED from [com.google.android.gms:play-services-measurement-impl:22.0.2] AndroidManifest.xml:17:1-32:12
MERGED from [com.google.android.gms:play-services-stats:17.0.2] AndroidManifest.xml:2:1-9:12
MERGED from [com.google.android.gms:play-services-ads-identifier:18.0.0] AndroidManifest.xml:17:1-27:12
MERGED from [com.google.android.gms:play-services-measurement-sdk-api:22.0.2] AndroidManifest.xml:17:1-30:12
MERGED from [com.google.android.gms:play-services-measurement-base:22.0.2] AndroidManifest.xml:2:1-9:12
MERGED from [com.google.firebase:firebase-installations-interop:17.1.1] AndroidManifest.xml:15:1-19:12
MERGED from [androidx.privacysandbox.ads:ads-adservices-java:1.0.0-beta05] AndroidManifest.xml:2:1-7:12
MERGED from [androidx.privacysandbox.ads:ads-adservices:1.0.0-beta05] AndroidManifest.xml:17:1-28:12
MERGED from [androidx.activity:activity-ktx:1.8.0] AndroidManifest.xml:2:1-7:12
MERGED from [androidx.activity:activity:1.8.0] AndroidManifest.xml:17:1-22:12
MERGED from [androidx.dynamicanimation:dynamicanimation:1.0.0] AndroidManifest.xml:17:1-22:12
MERGED from [androidx.legacy:legacy-support-core-utils:1.0.0] AndroidManifest.xml:17:1-22:12
MERGED from [androidx.loader:loader:1.1.0] AndroidManifest.xml:17:1-24:12
MERGED from [androidx.savedstate:savedstate-ktx:1.2.1] AndroidManifest.xml:17:1-22:12
MERGED from [androidx.savedstate:savedstate:1.2.1] AndroidManifest.xml:17:1-22:12
MERGED from [androidx.lifecycle:lifecycle-runtime-ktx:2.6.1] AndroidManifest.xml:17:1-22:12
MERGED from [androidx.lifecycle:lifecycle-viewmodel-ktx:2.6.1] AndroidManifest.xml:17:1-22:12
MERGED from [androidx.lifecycle:lifecycle-process:2.6.1] AndroidManifest.xml:17:1-35:12
MERGED from [androidx.lifecycle:lifecycle-livedata-core-ktx:2.6.1] AndroidManifest.xml:17:1-22:12
MERGED from [androidx.lifecycle:lifecycle-livedata-core:2.6.1] AndroidManifest.xml:17:1-22:12
MERGED from [androidx.lifecycle:lifecycle-viewmodel:2.6.1] AndroidManifest.xml:17:1-22:12
MERGED from [androidx.lifecycle:lifecycle-runtime:2.6.1] AndroidManifest.xml:2:1-7:12
MERGED from [androidx.lifecycle:lifecycle-viewmodel-savedstate:2.6.1] AndroidManifest.xml:17:1-22:12
MERGED from [com.google.android.gms:play-services-tasks:18.2.0] AndroidManifest.xml:2:1-5:12
MERGED from [com.google.android.gms:play-services-basement:18.4.0] AndroidManifest.xml:2:1-9:12
MERGED from [androidx.fragment:fragment:1.5.7] AndroidManifest.xml:17:1-24:12
MERGED from [androidx.core:core-ktx:1.12.0] AndroidManifest.xml:2:1-7:12
MERGED from [androidx.drawerlayout:drawerlayout:1.1.1] AndroidManifest.xml:17:1-24:12
MERGED from [androidx.transition:transition:1.2.0] AndroidManifest.xml:17:1-24:12
MERGED from [androidx.vectordrawable:vectordrawable-animated:1.1.0] AndroidManifest.xml:17:1-24:12
MERGED from [androidx.vectordrawable:vectordrawable:1.1.0] AndroidManifest.xml:17:1-24:12
MERGED from [androidx.autofill:autofill:1.1.0] AndroidManifest.xml:17:1-24:12
MERGED from [androidx.recyclerview:recyclerview:1.1.0] AndroidManifest.xml:17:1-24:12
MERGED from [androidx.viewpager:viewpager:1.0.0] AndroidManifest.xml:17:1-22:12
MERGED from [androidx.slidingpanelayout:slidingpanelayout:1.0.0] AndroidManifest.xml:17:1-22:12
MERGED from [androidx.customview:customview:1.1.0] AndroidManifest.xml:17:1-24:12
MERGED from [com.facebook.fresco:fresco:3.1.3] AndroidManifest.xml:2:1-7:12
MERGED from [com.facebook.fresco:imagepipeline-okhttp3:3.1.3] AndroidManifest.xml:2:1-7:12
MERGED from [com.facebook.fresco:drawee:3.1.3] AndroidManifest.xml:2:1-7:12
MERGED from [com.facebook.fresco:nativeimagefilters:3.1.3] AndroidManifest.xml:2:1-7:12
MERGED from [com.facebook.fresco:memory-type-native:3.1.3] AndroidManifest.xml:2:1-7:12
MERGED from [com.facebook.fresco:memory-type-java:3.1.3] AndroidManifest.xml:2:1-7:12
MERGED from [com.facebook.fresco:imagepipeline-native:3.1.3] AndroidManifest.xml:2:1-7:12
MERGED from [com.facebook.fresco:memory-type-ashmem:3.1.3] AndroidManifest.xml:2:1-7:12
MERGED from [com.facebook.fresco:imagepipeline:3.1.3] AndroidManifest.xml:2:1-7:12
MERGED from [com.facebook.fresco:nativeimagetranscoder:3.1.3] AndroidManifest.xml:2:1-7:12
MERGED from [com.facebook.fresco:imagepipeline-base:3.1.3] AndroidManifest.xml:2:1-7:12
MERGED from [com.facebook.fresco:middleware:3.1.3] AndroidManifest.xml:2:1-7:12
MERGED from [com.facebook.fresco:ui-common:3.1.3] AndroidManifest.xml:2:1-7:12
MERGED from [com.facebook.fresco:soloader:3.1.3] AndroidManifest.xml:2:1-7:12
MERGED from [com.facebook.fresco:fbcore:3.1.3] AndroidManifest.xml:2:1-7:12
MERGED from [androidx.media:media:1.0.0] AndroidManifest.xml:17:1-22:12
MERGED from [androidx.asynclayoutinflater:asynclayoutinflater:1.0.0] AndroidManifest.xml:17:1-22:12
MERGED from [androidx.core:core:1.12.0] AndroidManifest.xml:17:1-30:12
MERGED from [androidx.multidex:multidex:2.0.1] AndroidManifest.xml:17:1-22:12
MERGED from [com.facebook.react:hermes-android:0.73.6] AndroidManifest.xml:2:1-7:12
MERGED from [com.google.firebase:firebase-datatransport:18.2.0] AndroidManifest.xml:15:1-31:12
MERGED from [com.google.android.datatransport:transport-backend-cct:3.1.9] AndroidManifest.xml:15:1-37:12
MERGED from [com.google.firebase:firebase-encoders-json:18.0.0] AndroidManifest.xml:15:1-23:12
MERGED from [com.google.android.datatransport:transport-runtime:3.1.9] AndroidManifest.xml:15:1-41:12
MERGED from [androidx.localbroadcastmanager:localbroadcastmanager:1.1.0] AndroidManifest.xml:17:1-24:12
MERGED from [androidx.tracing:tracing-ktx:1.1.0] AndroidManifest.xml:17:1-24:12
MERGED from [androidx.annotation:annotation-experimental:1.4.1] AndroidManifest.xml:2:1-7:12
MERGED from [androidx.exifinterface:exifinterface:1.3.3] AndroidManifest.xml:17:1-24:12
MERGED from [androidx.cursoradapter:cursoradapter:1.0.0] AndroidManifest.xml:17:1-22:12
MERGED from [androidx.interpolator:interpolator:1.0.0] AndroidManifest.xml:17:1-22:12
MERGED from [androidx.versionedparcelable:versionedparcelable:1.1.1] AndroidManifest.xml:17:1-27:12
MERGED from [androidx.cardview:cardview:1.0.0] AndroidManifest.xml:17:1-22:12
MERGED from [androidx.profileinstaller:profileinstaller:1.3.0] AndroidManifest.xml:17:1-55:12
MERGED from [androidx.startup:startup-runtime:1.1.1] AndroidManifest.xml:17:1-33:12
MERGED from [androidx.tracing:tracing:1.1.0] AndroidManifest.xml:17:1-24:12
MERGED from [com.google.firebase:firebase-components:18.0.0] AndroidManifest.xml:15:1-20:12
MERGED from [com.google.android.datatransport:transport-api:3.1.0] AndroidManifest.xml:15:1-20:12
MERGED from [com.github.bumptech.glide:gifdecoder:4.13.2] AndroidManifest.xml:2:1-11:12
MERGED from [androidx.databinding:viewbinding:7.2.1] AndroidManifest.xml:17:1-24:12
MERGED from [androidx.arch.core:core-runtime:2.2.0] AndroidManifest.xml:17:1-22:12
MERGED from [androidx.documentfile:documentfile:1.0.0] AndroidManifest.xml:17:1-22:12
MERGED from [androidx.print:print:1.0.0] AndroidManifest.xml:17:1-22:12
MERGED from [org.jitsi:webrtc:118.0.0] AndroidManifest.xml:2:1-11:12
MERGED from [com.facebook.fbjni:fbjni:0.5.1] AndroidManifest.xml:2:1-7:12
MERGED from [com.facebook.soloader:soloader:0.10.5] AndroidManifest.xml:2:1-17:12
MERGED from [com.android.installreferrer:installreferrer:1.0] AndroidManifest.xml:2:1-13:12
	package
		ADDED from src/main/AndroidManifest.xml:14:5-28
		INJECTED from src/main/AndroidManifest.xml
	android:versionName
		INJECTED from src/main/AndroidManifest.xml
	xmlns:tools
		ADDED from src/main/AndroidManifest.xml:13:5-51
	android:versionCode
		INJECTED from src/main/AndroidManifest.xml
	xmlns:android
		ADDED from src/main/AndroidManifest.xml:12:11-69
uses-permission#android.permission.INTERNET
ADDED from src/main/AndroidManifest.xml:17:3-65
MERGED from [:react-native-firebase_messaging] AndroidManifest.xml:7:5-67
MERGED from [:react-native-firebase_messaging] AndroidManifest.xml:7:5-67
MERGED from [:expo-file-system] AndroidManifest.xml:8:5-67
MERGED from [:expo-file-system] AndroidManifest.xml:8:5-67
MERGED from [com.google.android.gms:play-services-measurement-api:22.0.2] AndroidManifest.xml:22:5-67
MERGED from [com.google.android.gms:play-services-measurement-api:22.0.2] AndroidManifest.xml:22:5-67
MERGED from [com.google.firebase:firebase-installations:18.0.0] AndroidManifest.xml:8:5-67
MERGED from [com.google.firebase:firebase-installations:18.0.0] AndroidManifest.xml:8:5-67
MERGED from [com.google.android.gms:play-services-measurement:22.0.2] AndroidManifest.xml:23:5-67
MERGED from [com.google.android.gms:play-services-measurement:22.0.2] AndroidManifest.xml:23:5-67
MERGED from [com.google.android.gms:play-services-cloud-messaging:17.2.0] AndroidManifest.xml:8:5-67
MERGED from [com.google.android.gms:play-services-cloud-messaging:17.2.0] AndroidManifest.xml:8:5-67
MERGED from [com.google.android.gms:play-services-measurement-impl:22.0.2] AndroidManifest.xml:23:5-67
MERGED from [com.google.android.gms:play-services-measurement-impl:22.0.2] AndroidManifest.xml:23:5-67
MERGED from [com.google.android.gms:play-services-measurement-sdk-api:22.0.2] AndroidManifest.xml:23:5-67
MERGED from [com.google.android.gms:play-services-measurement-sdk-api:22.0.2] AndroidManifest.xml:23:5-67
MERGED from [com.google.android.datatransport:transport-backend-cct:3.1.9] AndroidManifest.xml:25:5-67
MERGED from [com.google.android.datatransport:transport-backend-cct:3.1.9] AndroidManifest.xml:25:5-67
	android:name
		ADDED from src/main/AndroidManifest.xml:17:20-62
uses-permission#android.permission.ACCESS_NETWORK_STATE
ADDED from src/main/AndroidManifest.xml:18:3-77
MERGED from [:react-native-firebase_messaging] AndroidManifest.xml:9:5-79
MERGED from [:react-native-firebase_messaging] AndroidManifest.xml:9:5-79
MERGED from [com.google.firebase:firebase-messaging:24.0.0] AndroidManifest.xml:22:5-79
MERGED from [com.google.firebase:firebase-messaging:24.0.0] AndroidManifest.xml:22:5-79
MERGED from [com.google.android.gms:play-services-measurement-api:22.0.2] AndroidManifest.xml:23:5-79
MERGED from [com.google.android.gms:play-services-measurement-api:22.0.2] AndroidManifest.xml:23:5-79
MERGED from [com.google.firebase:firebase-installations:18.0.0] AndroidManifest.xml:7:5-79
MERGED from [com.google.firebase:firebase-installations:18.0.0] AndroidManifest.xml:7:5-79
MERGED from [com.google.android.gms:play-services-measurement:22.0.2] AndroidManifest.xml:24:5-79
MERGED from [com.google.android.gms:play-services-measurement:22.0.2] AndroidManifest.xml:24:5-79
MERGED from [com.google.android.gms:play-services-cloud-messaging:17.2.0] AndroidManifest.xml:7:5-79
MERGED from [com.google.android.gms:play-services-cloud-messaging:17.2.0] AndroidManifest.xml:7:5-79
MERGED from [com.google.android.gms:play-services-measurement-impl:22.0.2] AndroidManifest.xml:24:5-79
MERGED from [com.google.android.gms:play-services-measurement-impl:22.0.2] AndroidManifest.xml:24:5-79
MERGED from [com.google.android.gms:play-services-measurement-sdk-api:22.0.2] AndroidManifest.xml:24:5-79
MERGED from [com.google.android.gms:play-services-measurement-sdk-api:22.0.2] AndroidManifest.xml:24:5-79
MERGED from [com.google.android.datatransport:transport-backend-cct:3.1.9] AndroidManifest.xml:24:5-79
MERGED from [com.google.android.datatransport:transport-backend-cct:3.1.9] AndroidManifest.xml:24:5-79
MERGED from [com.google.android.datatransport:transport-runtime:3.1.9] AndroidManifest.xml:22:5-79
MERGED from [com.google.android.datatransport:transport-runtime:3.1.9] AndroidManifest.xml:22:5-79
	android:name
		ADDED from src/main/AndroidManifest.xml:18:20-74
uses-permission#android.permission.ACCESS_WIFI_STATE
ADDED from src/main/AndroidManifest.xml:19:3-74
	android:name
		ADDED from src/main/AndroidManifest.xml:19:20-71
uses-permission#android.permission.CAMERA
ADDED from src/main/AndroidManifest.xml:22:3-63
MERGED from [:expo-camera] AndroidManifest.xml:7:5-65
MERGED from [:expo-camera] AndroidManifest.xml:7:5-65
MERGED from [:expo-image-picker] AndroidManifest.xml:8:5-65
MERGED from [:expo-image-picker] AndroidManifest.xml:8:5-65
MERGED from [com.google.android:cameraview:1.0.0] AndroidManifest.xml:23:5-65
MERGED from [com.google.android:cameraview:1.0.0] AndroidManifest.xml:23:5-65
	android:name
		ADDED from src/main/AndroidManifest.xml:22:20-60
uses-permission#android.permission.RECORD_AUDIO
ADDED from src/main/AndroidManifest.xml:23:3-69
	android:name
		ADDED from src/main/AndroidManifest.xml:23:20-66
uses-permission#android.permission.MODIFY_AUDIO_SETTINGS
ADDED from src/main/AndroidManifest.xml:24:3-78
	android:name
		ADDED from src/main/AndroidManifest.xml:24:20-75
uses-permission#android.permission.BLUETOOTH
ADDED from src/main/AndroidManifest.xml:25:3-66
	android:name
		ADDED from src/main/AndroidManifest.xml:25:20-63
uses-permission#android.permission.BLUETOOTH_CONNECT
ADDED from src/main/AndroidManifest.xml:26:3-74
	android:name
		ADDED from src/main/AndroidManifest.xml:26:20-71
uses-permission#android.permission.READ_EXTERNAL_STORAGE
ADDED from src/main/AndroidManifest.xml:27:3-78
MERGED from [:expo-file-system] AndroidManifest.xml:10:5-80
MERGED from [:expo-file-system] AndroidManifest.xml:10:5-80
MERGED from [:expo-image-picker] AndroidManifest.xml:12:5-80
MERGED from [:expo-image-picker] AndroidManifest.xml:12:5-80
	android:name
		ADDED from src/main/AndroidManifest.xml:27:20-75
uses-permission#android.permission.WRITE_EXTERNAL_STORAGE
ADDED from src/main/AndroidManifest.xml:28:3-79
MERGED from [:expo-file-system] AndroidManifest.xml:9:5-81
MERGED from [:expo-file-system] AndroidManifest.xml:9:5-81
MERGED from [:expo-image-picker] AndroidManifest.xml:11:5-81
MERGED from [:expo-image-picker] AndroidManifest.xml:11:5-81
	android:name
		ADDED from src/main/AndroidManifest.xml:28:20-76
uses-permission#android.permission.VIBRATE
ADDED from src/main/AndroidManifest.xml:31:3-64
	android:name
		ADDED from src/main/AndroidManifest.xml:31:20-61
uses-permission#android.permission.WAKE_LOCK
ADDED from src/main/AndroidManifest.xml:32:3-66
MERGED from [:react-native-firebase_messaging] AndroidManifest.xml:8:5-68
MERGED from [:react-native-firebase_messaging] AndroidManifest.xml:8:5-68
MERGED from [com.google.firebase:firebase-messaging:24.0.0] AndroidManifest.xml:24:5-68
MERGED from [com.google.firebase:firebase-messaging:24.0.0] AndroidManifest.xml:24:5-68
MERGED from [com.google.android.gms:play-services-measurement-api:22.0.2] AndroidManifest.xml:24:5-68
MERGED from [com.google.android.gms:play-services-measurement-api:22.0.2] AndroidManifest.xml:24:5-68
MERGED from [com.google.android.gms:play-services-measurement:22.0.2] AndroidManifest.xml:25:5-68
MERGED from [com.google.android.gms:play-services-measurement:22.0.2] AndroidManifest.xml:25:5-68
MERGED from [com.google.android.gms:play-services-cloud-messaging:17.2.0] AndroidManifest.xml:9:5-68
MERGED from [com.google.android.gms:play-services-cloud-messaging:17.2.0] AndroidManifest.xml:9:5-68
MERGED from [com.google.android.gms:play-services-measurement-impl:22.0.2] AndroidManifest.xml:25:5-68
MERGED from [com.google.android.gms:play-services-measurement-impl:22.0.2] AndroidManifest.xml:25:5-68
MERGED from [com.google.android.gms:play-services-measurement-sdk-api:22.0.2] AndroidManifest.xml:25:5-68
MERGED from [com.google.android.gms:play-services-measurement-sdk-api:22.0.2] AndroidManifest.xml:25:5-68
	android:name
		ADDED from src/main/AndroidManifest.xml:32:20-63
uses-permission#android.permission.RECEIVE_BOOT_COMPLETED
ADDED from src/main/AndroidManifest.xml:33:3-79
	android:name
		ADDED from src/main/AndroidManifest.xml:33:20-76
uses-permission#android.permission.DISABLE_KEYGUARD
ADDED from src/main/AndroidManifest.xml:34:3-73
	android:name
		ADDED from src/main/AndroidManifest.xml:34:20-70
uses-permission#android.permission.POST_NOTIFICATIONS
ADDED from src/main/AndroidManifest.xml:40:3-75
MERGED from [com.google.firebase:firebase-messaging:24.0.0] AndroidManifest.xml:23:5-77
MERGED from [com.google.firebase:firebase-messaging:24.0.0] AndroidManifest.xml:23:5-77
	android:name
		ADDED from src/main/AndroidManifest.xml:40:20-72
uses-permission#android.permission.USE_FULL_SCREEN_INTENT
ADDED from src/main/AndroidManifest.xml:43:3-79
	android:name
		ADDED from src/main/AndroidManifest.xml:43:20-76
uses-permission#android.permission.FOREGROUND_SERVICE
ADDED from src/main/AndroidManifest.xml:44:3-75
	android:name
		ADDED from src/main/AndroidManifest.xml:44:20-72
uses-permission#android.permission.FOREGROUND_SERVICE_PHONE_CALL
ADDED from src/main/AndroidManifest.xml:45:3-86
	android:name
		ADDED from src/main/AndroidManifest.xml:45:20-83
uses-permission#android.permission.REQUEST_IGNORE_BATTERY_OPTIMIZATIONS
ADDED from src/main/AndroidManifest.xml:52:3-93
	android:name
		ADDED from src/main/AndroidManifest.xml:52:20-90
uses-permission#android.permission.FOREGROUND_SERVICE_CAMERA
ADDED from src/main/AndroidManifest.xml:60:3-82
	android:name
		ADDED from src/main/AndroidManifest.xml:60:20-79
uses-permission#android.permission.FOREGROUND_SERVICE_MICROPHONE
ADDED from src/main/AndroidManifest.xml:61:3-86
	android:name
		ADDED from src/main/AndroidManifest.xml:61:20-83
uses-permission#android.permission.CALL_PHONE
ADDED from src/main/AndroidManifest.xml:64:3-67
MERGED from [:react-native-callkeep] AndroidManifest.xml:7:5-69
MERGED from [:react-native-callkeep] AndroidManifest.xml:7:5-69
	android:name
		ADDED from src/main/AndroidManifest.xml:64:20-64
uses-permission#android.permission.READ_CALL_LOG
ADDED from src/main/AndroidManifest.xml:65:3-70
	android:name
		ADDED from src/main/AndroidManifest.xml:65:20-67
uses-permission#android.permission.MANAGE_OWN_CALLS
ADDED from src/main/AndroidManifest.xml:66:3-73
MERGED from [:react-native-callkeep] AndroidManifest.xml:12:5-75
MERGED from [:react-native-callkeep] AndroidManifest.xml:12:5-75
	android:name
		ADDED from src/main/AndroidManifest.xml:66:20-70
uses-feature#android.hardware.camera
ADDED from src/main/AndroidManifest.xml:69:3-89
MERGED from [com.google.android:cameraview:1.0.0] AndroidManifest.xml:25:5-27:36
MERGED from [com.google.android:cameraview:1.0.0] AndroidManifest.xml:25:5-27:36
	android:required
		ADDED from src/main/AndroidManifest.xml:69:63-86
	android:name
		ADDED from src/main/AndroidManifest.xml:69:17-55
uses-feature#android.hardware.camera.front
ADDED from src/main/AndroidManifest.xml:70:3-90
	android:required
		ADDED from src/main/AndroidManifest.xml:70:63-87
	android:name
		ADDED from src/main/AndroidManifest.xml:70:17-61
uses-feature#android.hardware.microphone
ADDED from src/main/AndroidManifest.xml:71:3-89
	android:required
		ADDED from src/main/AndroidManifest.xml:71:63-86
	android:name
		ADDED from src/main/AndroidManifest.xml:71:17-59
uses-feature#android.hardware.telephony
ADDED from src/main/AndroidManifest.xml:75:3-86
	android:required
		ADDED from src/main/AndroidManifest.xml:75:59-83
	android:name
		ADDED from src/main/AndroidManifest.xml:75:17-58
application
ADDED from src/main/AndroidManifest.xml:77:3-165:17
INJECTED from src/main/AndroidManifest.xml:77:3-165:17
MERGED from [:react-native-community_datetimepicker] AndroidManifest.xml:7:5-20
MERGED from [:react-native-community_datetimepicker] AndroidManifest.xml:7:5-20
MERGED from [:react-native-firebase_messaging] AndroidManifest.xml:11:5-41:19
MERGED from [:react-native-firebase_messaging] AndroidManifest.xml:11:5-41:19
MERGED from [:react-native-firebase_app] AndroidManifest.xml:8:5-28:19
MERGED from [:react-native-firebase_app] AndroidManifest.xml:8:5-28:19
MERGED from [:react-native-image-picker] AndroidManifest.xml:7:5-17:19
MERGED from [:react-native-image-picker] AndroidManifest.xml:7:5-17:19
MERGED from [:react-native-webrtc] AndroidManifest.xml:13:5-18:19
MERGED from [:react-native-webrtc] AndroidManifest.xml:13:5-18:19
MERGED from [:react-native-webview] AndroidManifest.xml:19:5-29:19
MERGED from [:react-native-webview] AndroidManifest.xml:19:5-29:19
MERGED from [com.google.android.material:material:1.11.0] AndroidManifest.xml:22:5-20
MERGED from [com.google.android.material:material:1.11.0] AndroidManifest.xml:22:5-20
MERGED from [:expo-file-system] AndroidManifest.xml:20:5-31:19
MERGED from [:expo-file-system] AndroidManifest.xml:20:5-31:19
MERGED from [:expo-image-picker] AndroidManifest.xml:29:5-57:19
MERGED from [:expo-image-picker] AndroidManifest.xml:29:5-57:19
MERGED from [:expo-modules-core] AndroidManifest.xml:8:5-16:19
MERGED from [:expo-modules-core] AndroidManifest.xml:8:5-16:19
MERGED from [androidx.constraintlayout:constraintlayout:2.0.1] AndroidManifest.xml:9:5-20
MERGED from [androidx.constraintlayout:constraintlayout:2.0.1] AndroidManifest.xml:9:5-20
MERGED from [com.google.android:cameraview:1.0.0] AndroidManifest.xml:32:5-20
MERGED from [com.google.android:cameraview:1.0.0] AndroidManifest.xml:32:5-20
MERGED from [com.github.CanHub:Android-Image-Cropper:4.3.1] AndroidManifest.xml:22:5-36:19
MERGED from [com.github.CanHub:Android-Image-Cropper:4.3.1] AndroidManifest.xml:22:5-36:19
MERGED from [androidx.emoji2:emoji2:1.2.0] AndroidManifest.xml:23:5-33:19
MERGED from [androidx.emoji2:emoji2:1.2.0] AndroidManifest.xml:23:5-33:19
MERGED from [com.google.android.gms:play-services-auth:21.2.0] AndroidManifest.xml:22:5-38:19
MERGED from [com.google.android.gms:play-services-auth:21.2.0] AndroidManifest.xml:22:5-38:19
MERGED from [com.google.firebase:firebase-messaging:24.0.0] AndroidManifest.xml:28:5-64:19
MERGED from [com.google.firebase:firebase-messaging:24.0.0] AndroidManifest.xml:28:5-64:19
MERGED from [com.google.android.gms:play-services-fido:20.0.1] AndroidManifest.xml:7:5-8:19
MERGED from [com.google.android.gms:play-services-fido:20.0.1] AndroidManifest.xml:7:5-8:19
MERGED from [com.google.android.gms:play-services-base:18.3.0] AndroidManifest.xml:19:5-23:19
MERGED from [com.google.android.gms:play-services-base:18.3.0] AndroidManifest.xml:19:5-23:19
MERGED from [com.github.bumptech.glide:glide:4.13.2] AndroidManifest.xml:10:5-20
MERGED from [com.github.bumptech.glide:glide:4.13.2] AndroidManifest.xml:10:5-20
MERGED from [com.google.firebase:firebase-analytics:22.0.2] AndroidManifest.xml:7:5-20
MERGED from [com.google.firebase:firebase-analytics:22.0.2] AndroidManifest.xml:7:5-20
MERGED from [com.google.android.gms:play-services-measurement-api:22.0.2] AndroidManifest.xml:29:5-41:19
MERGED from [com.google.android.gms:play-services-measurement-api:22.0.2] AndroidManifest.xml:29:5-41:19
MERGED from [com.google.firebase:firebase-installations:18.0.0] AndroidManifest.xml:11:5-22:19
MERGED from [com.google.firebase:firebase-installations:18.0.0] AndroidManifest.xml:11:5-22:19
MERGED from [com.google.firebase:firebase-common-ktx:21.0.0] AndroidManifest.xml:8:5-16:19
MERGED from [com.google.firebase:firebase-common-ktx:21.0.0] AndroidManifest.xml:8:5-16:19
MERGED from [com.google.firebase:firebase-common:21.0.0] AndroidManifest.xml:22:5-39:19
MERGED from [com.google.firebase:firebase-common:21.0.0] AndroidManifest.xml:22:5-39:19
MERGED from [com.google.android.gms:play-services-measurement:22.0.2] AndroidManifest.xml:28:5-44:19
MERGED from [com.google.android.gms:play-services-measurement:22.0.2] AndroidManifest.xml:28:5-44:19
MERGED from [com.google.android.gms:play-services-measurement-sdk:22.0.2] AndroidManifest.xml:22:5-23:19
MERGED from [com.google.android.gms:play-services-measurement-sdk:22.0.2] AndroidManifest.xml:22:5-23:19
MERGED from [com.google.firebase:firebase-iid-interop:17.1.0] AndroidManifest.xml:7:5-8:19
MERGED from [com.google.firebase:firebase-iid-interop:17.1.0] AndroidManifest.xml:7:5-8:19
MERGED from [com.google.firebase:firebase-measurement-connector:19.0.0] AndroidManifest.xml:22:5-23:19
MERGED from [com.google.firebase:firebase-measurement-connector:19.0.0] AndroidManifest.xml:22:5-23:19
MERGED from [com.google.android.gms:play-services-measurement-impl:22.0.2] AndroidManifest.xml:29:5-30:19
MERGED from [com.google.android.gms:play-services-measurement-impl:22.0.2] AndroidManifest.xml:29:5-30:19
MERGED from [com.google.android.gms:play-services-stats:17.0.2] AndroidManifest.xml:7:5-20
MERGED from [com.google.android.gms:play-services-stats:17.0.2] AndroidManifest.xml:7:5-20
MERGED from [com.google.android.gms:play-services-ads-identifier:18.0.0] AndroidManifest.xml:25:5-20
MERGED from [com.google.android.gms:play-services-ads-identifier:18.0.0] AndroidManifest.xml:25:5-20
MERGED from [com.google.android.gms:play-services-measurement-base:22.0.2] AndroidManifest.xml:7:5-20
MERGED from [com.google.android.gms:play-services-measurement-base:22.0.2] AndroidManifest.xml:7:5-20
MERGED from [androidx.privacysandbox.ads:ads-adservices:1.0.0-beta05] AndroidManifest.xml:22:5-26:19
MERGED from [androidx.privacysandbox.ads:ads-adservices:1.0.0-beta05] AndroidManifest.xml:22:5-26:19